<?xml version="1.0" encoding="UTF-8"?>
<testsuite name="cypress" timestamp="2021-11-19T09:06:56" time="1.1340" tests="5" failures="0" skipped="0">
  <testcase name="returns a JSON data" file="cypress/integration/tests/todos.spec.js" time="0.0510" classname="Todo API"/>
  <testcase name="has the correct status code" file="cypress/integration/tests/todos.spec.js" time="0.0320" classname="Todo API"/>
  <testcase name="loads all the todos from a specific user ID" file="cypress/integration/tests/todos.spec.js" time="0.0620" classname="Todo API"/>
  <testcase name="marks todo item as completed" file="cypress/integration/tests/todos.spec.js" time="0.4910" classname="Todo API"/>
  <testcase name="marks todo item as completed - different way" file="cypress/integration/tests/todos.spec.js" time="0.4690" classname="Todo API"/>
</testsuite>