<?xml version="1.0" encoding="UTF-8"?>
<testsuite name="cypress" timestamp="2021-11-19T09:06:50" time="3.2440" tests="4" failures="0" skipped="0">
  <testcase name="loads all the posts successfully" file="cypress/integration/tests/posts.spec.js" time="0.7060" classname="Post API"/>
  <testcase name="loads the correct amount of posts per user" file="cypress/integration/tests/posts.spec.js" time="0.5590" classname="Post API"/>
  <testcase name="should add a new post successfully" file="cypress/integration/tests/posts.spec.js" time="0.9870" classname="Post API"/>
  <testcase name="should delete a post successfully" file="cypress/integration/tests/posts.spec.js" time="0.9640" classname="Post API"/>
</testsuite>